[03/Jun/2026 23:55:07] "GET /accounts/login/ HTTP/1.1" 200 1418
[03/Jun/2026 23:55:07,239] - Broken pipe from ('127.0.0.1', 55916)
[03/Jun/2026 23:55:14] "GET /accounts/login/ HTTP/1.1" 200 1418
[03/Jun/2026 23:55:14] "GET /static/css/styles.css HTTP/1.1" 200 2943
[03/Jun/2026 23:56:13] "GET / HTTP/1.1" 302 0
[03/Jun/2026 23:56:13] "GET /accounts/login/?next=/ HTTP/1.1" 200 1418
[03/Jun/2026 23:56:13,110] - Broken pipe from ('127.0.0.1', 56366)
[03/Jun/2026 23:58:15] "GET /accounts/login/ HTTP/1.1" 200 1418
[03/Jun/2026 23:58:38] "POST /accounts/login/ HTTP/1.1" 302 0
[03/Jun/2026 23:58:38] "GET / HTTP/1.1" 200 3805
[03/Jun/2026 23:59:24] "GET /accounts/login/ HTTP/1.1" 200 1869
[03/Jun/2026 23:59:43] "GET /accounts/login/ HTTP/1.1" 200 1869
[04/Jun/2026 00:00:07] "GET /accounts/login/ HTTP/1.1" 200 1869
[04/Jun/2026 00:00:13] "GET / HTTP/1.1" 200 3805
[04/Jun/2026 00:00:57] "GET / HTTP/1.1" 200 5582
[04/Jun/2026 00:03:20] "GET / HTTP/1.1" 302 0
[04/Jun/2026 00:03:20] "GET /accounts/login/?next=/ HTTP/1.1" 200 1418
[04/Jun/2026 00:03:20] "GET /products/add/ HTTP/1.1" 302 0
[04/Jun/2026 00:03:20] "GET /accounts/login/?next=/products/add/ HTTP/1.1" 200 1418
[04/Jun/2026 00:03:20] "GET /receipts/text/ HTTP/1.1" 302 0
[04/Jun/2026 00:03:20] "GET /accounts/login/?next=/receipts/text/ HTTP/1.1" 200 1418
[04/Jun/2026 00:03:20] "GET /receipts/2/ HTTP/1.1" 302 0
[04/Jun/2026 00:03:20] "GET /accounts/login/?next=/receipts/2/ HTTP/1.1" 200 1418
[04/Jun/2026 00:03:20] "GET /receipts/email/ HTTP/1.1" 302 0
[04/Jun/2026 00:03:20] "GET /accounts/login/?next=/receipts/email/ HTTP/1.1" 200 1418
[04/Jun/2026 00:03:20] "GET /receipts/email/add/ HTTP/1.1" 302 0
[04/Jun/2026 00:03:20] "GET /accounts/login/?next=/receipts/email/add/ HTTP/1.1" 200 1418
[04/Jun/2026 00:03:20] "GET /knowledge/ HTTP/1.1" 302 0
[04/Jun/2026 00:03:20] "GET /accounts/login/?next=/knowledge/ HTTP/1.1" 200 1418
[04/Jun/2026 00:03:20] "GET /knowledge/add/ HTTP/1.1" 302 0
[04/Jun/2026 00:03:20] "GET /accounts/login/?next=/knowledge/add/ HTTP/1.1" 200 1418
[04/Jun/2026 00:03:20] "GET /notifications/ HTTP/1.1" 302 0
[04/Jun/2026 00:03:20] "GET /accounts/login/?next=/notifications/ HTTP/1.1" 200 1418
[04/Jun/2026 00:03:20] "GET /accounts/profile/ HTTP/1.1" 302 0
[04/Jun/2026 00:03:20] "GET /accounts/login/?next=/accounts/profile/ HTTP/1.1" 200 1418
[04/Jun/2026 00:03:20,540] - Broken pipe from ('127.0.0.1', 60079)
[04/Jun/2026 00:03:33] "GET /static/css/styles.css HTTP/1.1" 200 2943
[04/Jun/2026 00:03:33] "GET /static/css/styles.css HTTP/1.1" 200 2943
[04/Jun/2026 00:03:33] "GET /static/css/styles.css HTTP/1.1" 200 2943
[04/Jun/2026 00:03:33] "GET /static/css/styles.css HTTP/1.1" 200 2943
[04/Jun/2026 00:03:33] "GET /static/css/styles.css HTTP/1.1" 200 2943
[04/Jun/2026 00:03:33] "GET /static/css/styles.css HTTP/1.1" 200 2943
[04/Jun/2026 00:03:33] "GET /static/css/styles.css HTTP/1.1" 200 2943
[04/Jun/2026 00:03:34] "GET /static/css/styles.css HTTP/1.1" 200 2943
[04/Jun/2026 00:03:34] "GET /static/css/styles.css HTTP/1.1" 200 2943
[04/Jun/2026 00:03:34] "GET /static/css/styles.css HTTP/1.1" 200 2943
[04/Jun/2026 00:03:47] "GET / HTTP/1.1" 200 5582
[04/Jun/2026 00:03:47,735] - Broken pipe from ('127.0.0.1', 60593)
[04/Jun/2026 00:04:16] "GET / HTTP/1.1" 200 5582
[04/Jun/2026 00:04:16] "GET /products/add/ HTTP/1.1" 200 3414
[04/Jun/2026 00:04:16] "GET /receipts/text/ HTTP/1.1" 200 1626
[04/Jun/2026 00:04:16] "GET /receipts/2/ HTTP/1.1" 200 2254
[04/Jun/2026 00:04:16] "GET /receipts/email/ HTTP/1.1" 200 2196
[04/Jun/2026 00:04:16] "GET /receipts/email/add/ HTTP/1.1" 200 3744
[04/Jun/2026 00:04:16] "GET /knowledge/ HTTP/1.1" 200 6119
[04/Jun/2026 00:04:16] "GET /knowledge/add/ HTTP/1.1" 200 2575
[04/Jun/2026 00:04:16] "GET /notifications/ HTTP/1.1" 200 1663
[04/Jun/2026 00:04:16] "GET /accounts/profile/ HTTP/1.1" 200 2172
[04/Jun/2026 00:04:16,671] - Broken pipe from ('127.0.0.1', 60675)
[04/Jun/2026 00:04:27] "GET /static/css/styles.css HTTP/1.1" 200 2943
[04/Jun/2026 00:04:27] "GET /static/css/styles.css HTTP/1.1" 200 2943
[04/Jun/2026 00:04:27] "GET /static/css/styles.css HTTP/1.1" 200 2943
[04/Jun/2026 00:04:27] "GET /static/css/styles.css HTTP/1.1" 200 2943
[04/Jun/2026 00:04:27] "GET /static/css/styles.css HTTP/1.1" 200 2943
[04/Jun/2026 00:04:27] "GET /static/css/styles.css HTTP/1.1" 200 2943
[04/Jun/2026 00:04:27] "GET /static/css/styles.css HTTP/1.1" 200 2943
[04/Jun/2026 00:04:27] "GET /static/css/styles.css HTTP/1.1" 200 2943
[04/Jun/2026 00:04:27] "GET /static/css/styles.css HTTP/1.1" 200 2943
[04/Jun/2026 00:04:27] "GET /static/css/styles.css HTTP/1.1" 200 2943
[04/Jun/2026 00:04:53] "GET /knowledge/?q=%D0%B9%D0%BE%D0%B3%D1%83%D1%80%D1%82 HTTP/1.1" 200 2088
[04/Jun/2026 00:04:53,106] - Broken pipe from ('127.0.0.1', 60992)
[04/Jun/2026 00:04:53] "GET /static/css/styles.css HTTP/1.1" 200 2943
[04/Jun/2026 00:09:59] "GET / HTTP/1.1" 200 5582
[04/Jun/2026 00:10:02] "GET / HTTP/1.1" 302 0
[04/Jun/2026 00:10:02] "GET /accounts/login/?next=/ HTTP/1.1" 200 1418
[04/Jun/2026 00:10:02] "GET /static/css/styles.css HTTP/1.1" 200 2943
[04/Jun/2026 00:10:02] "GET / HTTP/1.1" 302 0
[04/Jun/2026 00:10:02] "GET /accounts/login/?next=/ HTTP/1.1" 200 1418
[04/Jun/2026 00:10:02] "GET /static/css/styles.css HTTP/1.1" 200 2943
[04/Jun/2026 00:11:41] "GET / HTTP/1.1" 302 0
[04/Jun/2026 00:11:41] "GET /accounts/login/?next=/ HTTP/1.1" 200 1418
[04/Jun/2026 00:11:41] "GET /static/css/styles.css HTTP/1.1" 200 2943
[04/Jun/2026 00:11:41] "GET / HTTP/1.1" 302 0
[04/Jun/2026 00:11:41] "GET /accounts/login/?next=/ HTTP/1.1" 200 1418
[04/Jun/2026 00:11:41] "GET /static/css/styles.css HTTP/1.1" 200 2943
[04/Jun/2026 00:11:41] "GET /accounts/login HTTP/1.1" 301 0
[04/Jun/2026 00:11:41] "GET /accounts/login/ HTTP/1.1" 200 1418
[04/Jun/2026 01:02:35,639] - Broken pipe from ('127.0.0.1', 62548)
